WARNING: 2018-10-15 17:25:55,285 -  ('could not parse data', '$BDG$GNGGA,154733.000,2829.5992,N,01619.5672,W,1,05,2.5,652.5,M,0.0,M,,*6E\r\n')
WARNING: 2018-10-15 17:25:55,356 -  ('checksum does not match: 67 != 77', ['243.21', 'T', '', 'M', '0.41', 'N', '$GNGGA', '154743.000', '2829.6009', 'N', '01619.5663', 'W', '1', '05', '2.5', '644.4', 'M', '0.0', 'M', '', ''])
WARNING: 2018-10-15 17:25:55,418 -  ('checksum does not match: 60 != 79', ['243.21', 'T', '', 'M', '0.59', 'N', '$GNGGA', '154753.000', '2829.6008', 'N', '01619.5665', 'W', '1', '05', '2.5', '643.2', 'M', '0.0', 'M', '', ''])
WARNING: 2018-10-15 17:25:55,482 -  ('checksum does not match: 67 != 74', ['243.21', 'T', '', 'M', '0.71', 'N', '$GNGGA', '154803.000', '2829.5976', 'N', '01619.5637', 'W', '1', '05', '2.5', '629.7', 'M', '0.0', 'M', '', ''])
WARNING: 2018-10-15 17:26:46,073 -  ('checksum does not match: 69 != 34', ['154904.000', 'A', '2829.5987', 'N', '0$GNGGA', '154914.000', '2829.5972', 'N', '01619.5764', 'W', '1', '05', '2.5', '736.2', 'M', '0.0', 'M', '', ''])
WARNING: 2018-10-15 17:26:46,134 -  ('checksum does not match: 6E != 73', ['249.45', 'T', '', 'M', '0.99', 'N', '$GNGGA', '154924.000', '2829.5973', 'N', '01619.5774', 'W', '1', '05', '2.5', '752.4', 'M', '0.0', 'M', '', ''])
WARNING: 2018-10-15 17:26:46,210 -  ('checksum does not match: 67 != 71', ['277.50', 'T', '', 'M', '1.03', 'N', '$GNGGA', '154934.000', '2829.5960', 'N', '01619.5764', 'W', '1', '05', '2.5', '767.9', 'M', '0.0', 'M', '', ''])
WARNING: 2018-10-15 17:26:56,381 -  ('checksum does not match: 6E != 22', ['154935.0$GNGGA', '154944.000', '2829.5917', 'N', '01619.5765', 'W', '1', '05', '2.5', '789.6', 'M', '0.0', 'M', '', ''])
WARNING: 2018-10-15 17:26:56,577 -  ('checksum does not match: 25 != 53', ['155005.000', '2829.5879', '', '', '', '', '', '5.1', '2.5', '4.4'])
WARNING: 2018-10-15 17:27:47,268 -  ('checksum does not match: 63 != 59', ['155045.000', 'A', '282$GNGGA', '155055.000', '2829.5839', 'N', '01619.5826', 'W', '1', '04', '2.5', '879.7', 'M', '0.0', 'M', '', ''])
WARNING: 2018-10-15 17:27:47,346 -  ('checksum does not match: 63 != 6D', ['207.12', 'T', '', 'M', '0.41', 'N', '0.77$GNGGA', '155105.000', '2829.5853', 'N', '01619.5819', 'W', '1', '04', '2.5', '878.2', 'M', '0.0', 'M', '', ''])
WARNING: 2018-10-15 17:27:47,426 -  ('checksum does not match: 60 != 64', ['207.12', 'T', '', 'M', '1.04', 'N', '1.92$GNGGA', '155115.000', '2829.5830', 'N', '01619.5836', 'W', '1', '04', '2.5', '904.2', 'M', '0.0', 'M', '', ''])
WARNING: 2018-10-15 17:27:47,493 -  ('checksum does not match: 6A != 66', ['207.12', 'T', '', 'M', '0.75', 'N', '1.40$GNGGA', '155125.000', '2829.5832', 'N', '01619.5846', 'W', '1', '04', '2.5', '895.7', 'M', '0.0', 'M', '', ''])
WARNING: 2018-10-15 17:27:47,570 -  ('checksum does not match: 63 != 6C', ['198.45', 'T', '', 'M', '1.17', 'N', '2.17$GNGGA', '155135.000', '2829.5831', 'N', '01619.5854', 'W', '1', '04', '2.5', '904.6', 'M', '0.0', 'M', '', ''])
WARNING: 2018-10-15 17:27:57,798 -  ('checksum does not match: 25 != 5B', ['155146.000', '2829.58', '', '', '', '', '', '5.1', '2.5', '4.4'])
WARNING: 2018-10-15 17:28:58,328 -  ('checksum does not match: 60 != 0C', ['3', '3', '1$GNGGA', '155246.000', '2829.5986', 'N', '01619.5672', 'W', '1', '06', '1.8', '655.2', 'M', '0.0', 'M', '', ''])
WARNING: 2018-10-15 17:28:58,392 -  ('checksum does not match: 65 != 09', ['201.17', 'T', '', 'M', '0.4$GNGGA', '155256.000', '2829.5971', 'N', '01619.5712', 'W', '1', '06', '1.8', '667.8', 'M', '0.0', 'M', '', ''])
WARNING: 2018-10-15 17:28:58,459 -  ('checksum does not match: 6A != 03', ['201.17', 'T', '', 'M', '1.0$GNGGA', '155306.000', '2829.5975', 'N', '01619.5712', 'W', '1', '06', '1.8', '656.5', 'M', '0.0', 'M', '', ''])
WARNING: 2018-10-15 17:28:58,523 -  ('checksum does not match: 69 != 07', ['201.17', 'T', '', 'M', '0.6$GNGGA', '155316.000', '2829.5990', 'N', '01619.5687', 'W', '1', '06', '1.8', '629.9', 'M', '0.0', 'M', '', ''])
WARNING: 2018-10-15 17:29:49,143 -  ('checksum does not match: 6D != 30', ['$GNGGA', '155427.000', '2829.5982', 'N', '01619.5696', 'W', '1', '06', '1.9', '615.5', 'M', '0.0', 'M', '', ''])
WARNING: 2018-10-15 17:29:49,206 -  ('checksum does not match: 6B != 1D', ['201.17', 'T', '', 'M', '0$GNGGA', '155437.000', '2829.5998', 'N', '01619.5679', 'W', '1', '05', '2.2', '630.4', 'M', '0.0', 'M', '', ''])
WARNING: 2018-10-15 17:29:59,346 -  ('checksum does not match: 67 != 3A', ['$GNGGA', '155447.000', '2829.5991', 'N', '01619.5685', 'W', '1', '05', '2.2', '627.3', 'M', '0.0', 'M', '', ''])
WARNING: 2018-10-15 17:29:59,409 -  ('checksum does not match: 6E != 1D', ['201.17', 'T', '', 'M', '0.43', '$GNGGA', '155457.000', '2829.5989', 'N', '01619.5704', 'W', '1', '05', '2.2', '643.8', 'M', '0.0', 'M', '', ''])
WARNING: 2018-10-15 17:31:10,276 -  ('could not parse data', '$GNVT$GNGGA,155618.000,2829.6038,N,01619.5697,W,1,07,1.3,656.4,M,0.0,M,,*64\r\n')
WARNING: 2018-10-15 17:31:10,348 -  ('checksum does not match: 63 != 61', ['326.29', 'T', '$GNGGA', '155628.000', '2829.6017', 'N', '01619.5698', 'W', '1', '08', '1.2', '648.3', 'M', '0.0', 'M', '', ''])
WARNING: 2018-10-15 17:31:10,426 -  ('checksum does not match: 65 != 0A', ['326.2$GNGGA', '155638.000', '2829.6012', 'N', '01619.5678', 'W', '1', '08', '1.2', '655.3', 'M', '0.0', 'M', '', ''])
WARNING: 2018-10-15 17:31:10,502 -  ('checksum does not match: 68 != 07', ['326.2$GNGGA', '155648.000', '2829.6015', 'N', '01619.5663', 'W', '1', '08', '1.2', '661.3', 'M', '0.0', 'M', '', ''])
WARNING: 2018-10-15 17:32:31,294 -  ('checksum does not match: 6D != 09', ['3', '2', '10', '09', '31', '041', '18', '13', '17', '236', '', '17', '07', '187', '', '19', '22', '209', '1$GNGGA', '155759.000', '2829.5979', 'N', '01619.5697', 'W', '1', '07', '1.1', '615.3', 'M', '0.0', 'M', '', ''])
WARNING: 2018-10-15 17:32:31,364 -  ('checksum does not match: 67 != 22', ['77.24', 'T', '', 'M', '0$GNGGA', '155809.000', '2829.5976', 'N', '01619.5703', 'W', '1', '06', '1.1', '617.3', 'M', '0.0', 'M', '', ''])
WARNING: 2018-10-15 17:32:31,429 -  ('checksum does not match: 6E != 35', ['77.24', 'T', '', 'M', '0.0$GNGGA', '155819.000', '2829.5977', 'N', '01619.5702', 'W', '1', '06', '1.1', '619.5', 'M', '0.0', 'M', '', ''])
WARNING: 2018-10-15 17:32:31,493 -  ('checksum does not match: 63 != 3E', ['77.24', 'T', '', 'M', '0.6$GNGGA', '155829.000', '2829.5977', 'N', '01619.5702', 'W', '1', '06', '1.1', '621.0', 'M', '0.0', 'M', '', ''])
WARNING: 2018-10-15 17:32:31,609 -  ('checksum does not match: 21 != 26', ['155840.000', '2829.5983', 'N', '016', '', '', '', '', '', '2.2', '1.1', '2.0'])
WARNING: 2018-10-15 17:33:32,110 -  ('checksum does not match: 61 != 4F', ['155930.000', 'A', '2829.5997', 'N', '01619.5689', 'W', '$GNGGA', '155940.000', '2829.5985', 'N', '01619.5697', 'W', '1', '08', '1.1', '621.2', 'M', '0.0', 'M', '', ''])
WARNING: 2018-10-15 17:33:32,172 -  ('checksum does not match: 6E != 56', ['77.24', 'T', '$GNGGA', '155950.000', '2829.5987', 'N', '01619.5697', 'W', '1', '07', '1.6', '622.5', 'M', '0.0', 'M', '', ''])
WARNING: 2018-10-15 17:33:32,248 -  ('checksum does not match: 66 != 22', ['77.24', 'T', '', 'M', '1$GNGGA', '160000.000', '2829.5985', 'N', '01619.5697', 'W', '1', '07', '1.6', '623.4', 'M', '0.0', 'M', '', ''])
WARNING: 2018-10-15 17:33:42,405 -  ('could not parse data', '$$GNGGA,160010.000,2829.5987,N,01619.5702,W,1,07,1.6,625.1,M,0.0,M,,*6B\r\n')
WARNING: 2018-10-15 17:33:42,582 -  ('checksum does not match: 7F != 6C', ['160031.000', '2829.5969', 'N', '01619.5713', 'W', '1', '07', '1.610', '02', '50', '309', '33', '05', '21', '303', '27', '06', '75', '175', '27', '07', '52', '091', '23'])
WARNING: 2018-10-15 17:34:33,010 -  ('checksum does not match: 6F != 2D', ['1', '1', '01', '14', '55', '019', '2$GNGGA', '160121.000', '2829.5987', 'N', '01619.5700', 'W', '1', '07', '1.6', '630.0', 'M', '0.0', 'M', '', ''])
WARNING: 2018-10-15 17:34:33,072 -  ('checksum does not match: 69 != 2C', ['77.24', 'T', '', 'M', '0$GNGGA', '160131.000', '2829.5991', 'N', '01619.5699', 'W', '1', '07', '1.6', '630.1', 'M', '0.0', 'M', '', ''])
WARNING: 2018-10-15 17:34:33,142 -  ('checksum does not match: 6C != 29', ['77.24', 'T', '', 'M', '0$GNGGA', '160141.000', '2829.5996', 'N', '01619.5696', 'W', '1', '07', '1.6', '629.3', 'M', '0.0', 'M', '', ''])
WARNING: 2018-10-15 17:34:33,205 -  ('checksum does not match: 6B != 2E', ['77.24', 'T', '', 'M', '0$GNGGA', '160151.000', '2829.5992', 'N', '01619.5706', 'W', '1', '07', '1.6', '627.7', 'M', '0.0', 'M', '', ''])
WARNING: 2018-10-15 17:34:33,269 -  ('checksum does not match: 64 != 21', ['77.24', 'T', '', 'M', '0$GNGGA', '160201.000', '2829.5981', 'N', '01619.5708', 'W', '1', '07', '1.6', '626.3', 'M', '0.0', 'M', '', ''])
WARNING: 2018-10-15 17:35:33,886 -  ('checksum does not match: 6D != 72', ['160302.000', 'A', '2829.5988', 'N', '01619.5701', 'W', '0.10', '77$GNGGA', '160312.000', '2829.5990', 'N', '01619.5693', 'W', '1', '07', '1.6', '629.5', 'M', '0.0', 'M', '', ''])
WARNING: 2018-10-15 17:35:44,025 -  ('could not parse data', '$$GNGGA,160322.000,2829.5989,N,01619.5711,W,1,07,1.6,627.1,M,0.0,M,,*67\r\n')
WARNING: 2018-10-15 17:35:44,086 -  ('checksum does not match: 67 != 22', ['77.24', 'T', '', 'M', '0$GNGGA', '160332.000', '2829.5983', 'N', '01619.5709', 'W', '1', '07', '1.6', '625.1', 'M', '0.0', 'M', '', ''])
WARNING: 2018-10-15 17:35:44,149 -  ('checksum does not match: 60 != 25', ['77.24', 'T', '', 'M', '0$GNGGA', '160342.000', '2829.5989', 'N', '01619.5705', 'W', '1', '07', '1.6', '625.7', 'M', '0.0', 'M', '', ''])
WARNING: 2018-10-15 17:36:44,772 -  ('checksum does not match: 68 != 7C', ['160443.000', 'A', '2829.5957', 'N', '01619.5699', 'W', '0.46', '77.24', '151018$GNGGA', '160453.000', '2829.5958', 'N', '01619.5700', 'W', '1', '07', '1.7', '620.5', 'M', '0.0', 'M', '', ''])
WARNING: 2018-10-15 17:36:44,834 -  ('checksum does not match: 6D != 28', ['77.24', 'T', '', 'M', '0$GNGGA', '160503.000', '2829.5942', 'N', '01619.5697', 'W', '1', '07', '1.7', '615.6', 'M', '0.0', 'M', '', ''])
WARNING: 2018-10-15 17:36:44,913 -  ('checksum does not match: 62 != 74', ['77.24', 'T', '', 'M', '0.54', 'N', '1.01', '$GNGGA', '160513.000', '2829.5945', 'N', '01619.5704', 'W', '1', '07', '1.7', '615.4', 'M', '0.0', 'M', '', ''])
WARNING: 2018-10-15 17:36:55,194 -  ('checksum does not match: 7A != 30', ['160534.000', '2829.5970', 'N', '01619.5696', 'W', '1', '06', '2.8', '63V', '3', '1', '09', '02', '52', '307', '35', '05', '22', '305', '21', '06', '72', '174', '26', '07', '52', '087', '14'])
WARNING: 2018-10-15 17:37:55,729 -  ('checksum does not match: 67 != 37', ['1', '1', '01', '1$GNGGA', '160634.000', '2829.5968', 'N', '01619.5686', 'W', '1', '07', '1.7', '627.2', 'M', '0.0', 'M', '', ''])
WARNING: 2018-10-15 17:38:56,374 -  ('checksum does not match: 6C != 4B', ['160735.000', 'A', '2829.5980', 'N', '01619.5686', 'W', '0.78', '77.24', '15101$GNGGA', '160745.000', '2829.5977', 'N', '01619.5684', 'W', '1', '07', '1.8', '629.3', 'M', '0.0', 'M', '', ''])
WARNING: 2018-10-15 17:38:56,435 -  ('checksum does not match: 6A != 79', ['77.24', 'T', '', 'M', '0.41', 'N', '0.76', '$GNGGA', '160755.000', '2829.5969', 'N', '01619.5699', 'W', '1', '07', '1.8', '619.4', 'M', '0.0', 'M', '', ''])
WARNING: 2018-10-15 17:38:56,504 -  ('checksum does not match: 6E != 7E', ['77.24', 'T', '', 'M', '0.67', 'N', '1.25', '$GNGGA', '160805.000', '2829.5973', 'N', '01619.5709', 'W', '1', '07', '1.8', '618.8', 'M', '0.0', 'M', '', ''])
WARNING: 2018-10-15 17:38:56,577 -  ('checksum does not match: 6A != 79', ['77.24', 'T', '', 'M', '0.36', 'N', '0.67', '$GNGGA', '160815.000', '2829.5964', 'N', '01619.5717', 'W', '1', '07', '1.8', '618.4', 'M', '0.0', 'M', '', ''])
WARNING: 2018-10-15 17:38:56,648 -  ('checksum does not match: 6C != 71', ['77.24', 'T', '', 'M', '0.64', 'N', '1.18', '$GNGGA', '160825.000', '2829.5969', 'N', '01619.5720', 'W', '1', '07', '1.8', '623.0', 'M', '0.0', 'M', '', ''])
WARNING: 2018-10-15 17:39:06,864 -  ('checksum does not match: 23 != 7B', ['160836.000', '2829.5975', 'N', '01619.5716', 'W', '1', '07', '1.8.4'])
WARNING: 2018-10-15 17:39:57,308 -  ('checksum does not match: 6A != 38', ['160926.000', 'A', '2829.5980', 'N', '01619$GNGGA', '160936.000', '2829.5980', 'N', '01619.5707', 'W', '1', '07', '1.8', '640.2', 'M', '0.0', 'M', '', ''])
WARNING: 2018-10-15 17:40:07,472 -  ('checksum does not match: 69 != 59', ['160937.000', 'A', '282$GNGGA', '160946.000', '2829.5986', 'N', '01619.5698', 'W', '1', '07', '1.8', '638.8', 'M', '0.0', 'M', '', ''])
WARNING: 2018-10-15 17:40:07,532 -  ('checksum does not match: 64 != 7C', ['77.24', 'T', '', 'M', '0.09', 'N', '0.17', '$GNGGA', '160956.000', '2829.5987', 'N', '01619.5700', 'W', '1', '07', '1.8', '638.5', 'M', '0.0', 'M', '', ''])
WARNING: 2018-10-15 17:40:07,594 -  ('checksum does not match: 6F != 7C', ['77.24', 'T', '', 'M', '0.17', 'N', '0.31', '$GNGGA', '161006.000', '2829.5980', 'N', '01619.5708', 'W', '1', '07', '1.8', '641.2', 'M', '0.0', 'M', '', ''])
WARNING: 2018-10-15 17:40:07,766 -  ('checksum does not match: 3B != 7C', ['161027.005'])
WARNING: 2018-10-15 17:40:17,927 -  ('checksum does not match: 73 != 5F', ['16103', '044', '22', '13', '22', '240', '', '19', '17', '205', '', '23', '05', '052', ''])
WARNING: 2018-10-15 17:40:58,269 -  ('could not parse data', '$GNVTG,77.24,T,,M,0.22,N,0.40,K,A*11$GNGGA,161127.000,2829.6010,N,01619.5679,W,1,07,1.9,657.2,M,0.0,M,,*6F\r\n')
WARNING: 2018-10-15 17:40:58,350 -  ('checksum does not match: 6D != 2B', ['161127.000', '15', '$GNGGA', '161137.000', '2829.6004', 'N', '01619.5686', 'W', '1', '07', '1.9', '656.5', 'M', '0.0', 'M', '', ''])
WARNING: 2018-10-15 17:41:08,506 -  ('checksum does not match: 6B != 01', ['77.$GNGGA', '161147.000', '2829.6011', 'N', '01619.5667', 'W', '1', '07', '1.9', '658.1', 'M', '0.0', 'M', '', ''])
WARNING: 2018-10-15 17:41:08,577 -  ('checksum does not match: 6A != 2A', ['161147.000', '15', '$GNGGA', '161157.000', '2829.6018', 'N', '01619.5660', 'W', '1', '07', '1.9', '657.0', 'M', '0.0', 'M', '', ''])
WARNING: 2018-10-15 17:41:08,750 -  ('could not parse data', '$GNGGA,161218.000,2829.6018,N,01619.5654,W,1,07,1.9,661.2,M,0.0,M,,*62\r1.9,3.6*2E\r\n')
WARNING: 2018-10-15 17:41:59,207 -  ('could not parse data', '$GNZ$GNGGA,161308.000,2829.6036,N,01619.5653,W,1,06,2.1,670.9,M,0.0,M,,*68\r\n')
WARNING: 2018-10-15 17:41:59,269 -  ('checksum does not match: 6C != 3A', ['161308.000', '15', '10', '2$GNGGA', '161318.000', '2829.6048', 'N', '01619.5639', 'W', '1', '06', '2.1', '671.8', 'M', '0.0', 'M', '', ''])
WARNING: 2018-10-15 17:41:59,334 -  ('checksum does not match: 6A != 3D', ['161318.000', '15', '10', '2$GNGGA', '161328.000', '2829.6059', 'N', '01619.5628', 'W', '1', '06', '2.1', '675.9', 'M', '0.0', 'M', '', ''])
WARNING: 2018-10-15 17:41:59,399 -  ('checksum does not match: 6E != 3A', ['161328.000', '15', '10', '2$GNGGA', '161338.000', '2829.6059', 'N', '01619.5631', 'W', '1', '06', '2.1', '679.8', 'M', '0.0', 'M', '', ''])
WARNING: 2018-10-15 17:43:00,047 -  ('checksum does not match: 60 != 76', ['161439.000', 'A', '2829.6101', 'N', '01619.5585', 'W', '0$GNGGA', '161449.000', '2829.6095', 'N', '01619.5578', 'W', '1', '06', '2.7', '702.2', 'M', '0.0', 'M', '', ''])
WARNING: 2018-10-15 17:44:00,696 -  ('could not parse data', '$GNV$GNGGA,161600.000,2829.5969,N,01619.5702,W,1,06,2.7,624.4,M,0.0,M,,*6A\r\n')
WARNING: 2018-10-15 17:44:10,863 -  ('checksum does not match: 62 != 43', ['214.62', 'T$GNGGA', '161610.000', '2829.5966', 'N', '01619.5707', 'W', '1', '06', '2.7', '621.2', 'M', '0.0', 'M', '', ''])
WARNING: 2018-10-15 17:44:10,923 -  ('checksum does not match: 62 != 26', ['161610.000', '15', '10$GNGGA', '161620.000', '2829.5958', 'N', '01619.5718', 'W', '1', '06', '2.7', '618.8', 'M', '0.0', 'M', '', ''])
WARNING: 2018-10-15 17:44:10,986 -  ('checksum does not match: 6B != 2C', ['161620.000', '15', '10$GNGGA', '161630.000', '2829.5970', 'N', '01619.5712', 'W', '1', '06', '2.7', '628.3', 'M', '0.0', 'M', '', ''])
WARNING: 2018-10-15 17:44:11,162 -  ('checksum does not match: 29 != 73', ['161651.000', '2829.5A', 'A', '3', '14', '', '', '', '', '', '', '', '', '', '', '', '6.8', '2.7', '6.2'])
WARNING: 2018-10-15 17:45:11,676 -  ('checksum does not match: 6C != 00', ['161741.000', '15$GNGGA', '161751.000', '2829.5950', 'N', '01619.5722', 'W', '1', '06', '2.7', '609.0', 'M', '0.0', 'M', '', ''])
WARNING: 2018-10-15 17:45:11,747 -  ('checksum does not match: 68 != 36', ['161751.000', '15', '10', '2$GNGGA', '161801.000', '2829.5944', 'N', '01619.5737', 'W', '1', '06', '2.7', '603.5', 'M', '0.0', 'M', '', ''])
WARNING: 2018-10-15 17:45:21,890 -  ('checksum does not match: 60 != 1B', ['65.29', 'T', '', 'M', '$GNGGA', '161811.000', '2829.5922', 'N', '01619.5754', 'W', '1', '06', '2.7', '594.4', 'M', '0.0', 'M', '', ''])
WARNING: 2018-10-15 17:45:21,958 -  ('checksum does not match: 60 != 35', ['161811.000', '15', '10', '2$GNGGA', '161821.000', '2829.5917', 'N', '01619.5744', 'W', '1', '06', '2.7', '596.2', 'M', '0.0', 'M', '', ''])
WARNING: 2018-10-15 17:45:22,077 -  ('checksum does not match: 39 != 11', ['161832.000', '2829.5916', 'N', '01619.5', '06', '', '', '', '', '', '', '', '6.6', '2.7', '6.1'])
WARNING: 2018-10-15 17:46:22,641 -  ('checksum does not match: 65 != 6B', ['51.68', 'T', '', 'M', '1.19', 'N', '2.2$GNGGA', '161932.000', '2829.6000', 'N', '01619.5665', 'W', '1', '07', '2.1', '644.1', 'M', '0.0', 'M', '', ''])
WARNING: 2018-10-15 17:46:22,719 -  ('checksum does not match: 62 != 28', ['161932.000', '15', '$GNGGA', '161942.000', '2829.5999', 'N', '01619.5679', 'W', '1', '07', '2.1', '644.6', 'M', '0.0', 'M', '', ''])
WARNING: 2018-10-15 17:46:22,789 -  ('checksum does not match: 6A != 27', ['161942.000', '15', '$GNGGA', '161952.000', '2829.6003', 'N', '01619.5663', 'W', '1', '07', '2.1', '649.0', 'M', '0.0', 'M', '', ''])
WARNING: 2018-10-15 17:46:22,852 -  ('checksum does not match: 62 != 2E', ['161952.000', '15', '$GNGGA', '162002.000', '2829.5994', 'N', '01619.5665', 'W', '1', '07', '2.1', '644.8', 'M', '0.0', 'M', '', ''])
WARNING: 2018-10-15 17:46:22,916 -  ('checksum does not match: 60 != 23', ['162002.000', '15', '$GNGGA', '162012.000', '2829.5967', 'N', '01619.5706', 'W', '1', '07', '2.1', '632.2', 'M', '0.0', 'M', '', ''])
WARNING: 2018-10-15 17:46:33,135 -  ('could not parse data', '$GNGGA,162023.000,2829.5974,N,01619.5691,W,1,07,2.1,627.2,M,0.0,M,,*6,,,4.5,2.1,4.0*20\r\n')
WARNING: 2018-10-15 17:47:33,700 -  ('checksum does not match: 67 != 6F', ['162114.000', 'A', '2829.5973', 'N', '01619.5692', 'W$GNGGA', '162123.000', '2829.5948', 'N', '01619.5709', 'W', '1', '07', '2.1', '623.4', 'M', '0.0', 'M', '', ''])
WARNING: 2018-10-15 17:47:33,776 -  ('checksum does not match: 63 != 22', ['162123.000', '15', '$GNGGA', '162133.000', '2829.5904', 'N', '01619.5730', 'W', '1', '07', '2.1', '602.0', 'M', '0.0', 'M', '', ''])
WARNING: 2018-10-15 17:47:33,858 -  ('checksum does not match: 65 != 3C', ['162133.000', '1$GNGGA', '162143.000', '2829.5914', 'N', '01619.5757', 'W', '1', '07', '2.1', '598.1', 'M', '0.0', 'M', '', ''])
WARNING: 2018-10-15 17:47:33,940 -  ('checksum does not match: 6A != 34', ['162143.000', '1$GNGGA', '162153.000', '2829.5907', 'N', '01619.5752', 'W', '1', '07', '2.1', '587.6', 'M', '0.0', 'M', '', ''])
WARNING: 2018-10-15 17:47:34,019 -  ('checksum does not match: 6F != 30', ['162153.000', '1$GNGGA', '162203.000', '2829.5912', 'N', '01619.5776', 'W', '1', '07', '2.1', '583.3', 'M', '0.0', 'M', '', ''])
WARNING: 2018-10-15 17:48:24,616 -  ('checksum does not match: 69 != 7A', ['162254.000', 'A', '2829.5988', 'N', '01619.5715', 'W', '1.44', '309.44', '1$GNGGA', '162304.000', '2829.5975', 'N', '01619.5699', 'W', '1', '07', '2.1', '631.8', 'M', '0.0', 'M', '', ''])
WARNING: 2018-10-15 17:48:24,694 -  ('checksum does not match: 6F != 30', ['162304.000', '1$GNGGA', '162314.000', '2829.5954', 'N', '01619.5700', 'W', '1', '07', '2.1', '625.8', 'M', '0.0', 'M', '', ''])
WARNING: 2018-10-15 17:48:34,848 -  ('checksum does not match: 61 != 25', ['$GNGGA', '162324.000', '2829.5945', 'N', '01619.5708', 'W', '1', '07', '2.1', '619.2', 'M', '0.0', 'M', '', ''])
WARNING: 2018-10-15 17:48:34,909 -  ('checksum does not match: 6C != 31', ['162324.000', '1$GNGGA', '162334.000', '2829.5961', 'N', '01619.5684', 'W', '1', '07', '2.1', '627.0', 'M', '0.0', 'M', '', ''])
WARNING: 2018-10-15 17:48:34,982 -  ('checksum does not match: 67 != 3B', ['162334.000', '1$GNGGA', '162344.000', '2829.5934', 'N', '01619.5671', 'W', '1', '07', '2.1', '627.6', 'M', '0.0', 'M', '', ''])
WARNING: 2018-10-15 17:48:35,110 -  ('checksum does not match: 3E != 4A', ['162355.000', '25.0', '2.6', '4.3'])
WARNING: 2018-10-15 17:49:35,646 -  ('checksum does not match: 63 != 1D', ['75.00', 'T', '', 'M', '1.40', 'N', '2.58', 'K', '$GNGGA', '162455.000', '2829.5887', 'N', '01619.5719', 'W', '1', '06', '2.8', '594.0', 'M', '0.0', 'M', '', ''])
WARNING: 2018-10-15 17:49:35,715 -  ('checksum does not match: 6C != 28', ['162455.000', '15', '10$GNGGA', '162505.000', '2829.5861', 'N', '01619.5749', 'W', '1', '06', '2.8', '581.2', 'M', '0.0', 'M', '', ''])
WARNING: 2018-10-15 17:49:35,785 -  ('checksum does not match: 6C != 2C', ['162505.000', '15', '10$GNGGA', '162515.000', '2829.5879', 'N', '01619.5738', 'W', '1', '06', '2.8', '588.5', 'M', '0.0', 'M', '', ''])
WARNING: 2018-10-15 17:49:35,846 -  ('checksum does not match: 6E != 2F', ['162515.000', '15', '10$GNGGA', '162525.000', '2829.5837', 'N', '01619.5776', 'W', '1', '06', '2.8', '573.0', 'M', '0.0', 'M', '', ''])
WARNING: 2018-10-15 17:50:46,642 -  ('could not parse data', '$GNVTG,98.93,T,,M,0.00,N,0.00,K,A*18$GNGGA,162606.000,2829.5739,N,01619.5851,W,1,06,2.8,555.6,M,0.0,M,,*65\r\n')
WARNING: 2018-10-15 17:50:56,810 -  ('checksum does not match: 65 != 7C', ['98.93', 'T$GNGGA', '162616.000', '2829.5741', 'N', '01619.5849', 'W', '1', '06', '2.8', '553.7', 'M', '0.0', 'M', '', ''])
WARNING: 2018-10-15 17:50:56,871 -  ('checksum does not match: 6A != 2B', ['162616.000', '15', '10$GNGGA', '162626.000', '2829.5747', 'N', '01619.5862', 'W', '1', '06', '2.8', '550.7', 'M', '0.0', 'M', '', ''])
WARNING: 2018-10-15 17:50:56,934 -  ('checksum does not match: 66 != 24', ['162626.000', '15', '10$GNGGA', '162636.000', '2829.5743', 'N', '01619.5860', 'W', '1', '06', '2.8', '549.4', 'M', '0.0', 'M', '', ''])
WARNING: 2018-10-15 17:52:07,661 -  ('checksum does not match: 60 != 0F', ['2829.5706', 'N', '01619.5901', 'W', '16$GNGGA', '162707.000', '2829.5659', 'N', '01619.5933', 'W', '1', '06', '2.8', '572.4', 'M', '0.0', 'M', '', ''])
WARNING: 2018-10-15 17:52:07,735 -  ('checksum does not match: 68 != 29', ['162707.000', '15', '$GNGGA', '162717.000', '2829.5815', 'N', '01619.5832', 'W', '1', '06', '2.8', '604.9', 'M', '0.0', 'M', '', ''])
WARNING: 2018-10-15 17:52:07,955 -  ('checksum does not match: 2A != 62', ['162738.000', '2829.5811', 'N', '01619.5812', 'W', '1', '06', '2.8', '540.5', 'M', '0.0', 'M', '6.1', '2.8', '5.4'])
WARNING: 2018-10-15 17:52:58,497 -  ('checksum does not match: 62 != 38', ['213.$GNGGA', '162758.000', '2829.5717', 'N', '01619.5900', 'W', '1', '06', '2.8', '552.5', 'M', '0.0', 'M', '', ''])
WARNING: 2018-10-15 17:53:08,662 -  ('checksum does not match: 6A != 37', ['205.$GNGGA', '162808.000', '2829.5691', 'N', '01619.5886', 'W', '1', '06', '2.8', '574.3', 'M', '0.0', 'M', '', ''])
WARNING: 2018-10-15 17:53:08,722 -  ('checksum does not match: 66 != 27', ['162808.000', '15', '$GNGGA', '162818.000', '2829.5727', 'N', '01619.5856', 'W', '1', '06', '2.8', '595.0', 'M', '0.0', 'M', '', ''])
WARNING: 2018-10-15 17:53:08,783 -  ('checksum does not match: 6C != 2C', ['162818.000', '15', '$GNGGA', '162828.000', '2829.5785', 'N', '01619.5854', 'W', '1', '06', '2.8', '604.8', 'M', '0.0', 'M', '', ''])
WARNING: 2018-10-15 17:53:08,900 -  ('checksum does not match: 2C != 48', ['162839.000', '2829.5860', 'N', '01619.5797', 'W', '1', '05', '', '14', '', '', '', '', '', '', '', '', '', '', '', '8.3', '4.3', '7.1'])
WARNING: 2018-10-15 17:54:19,544 -  ('checksum does not match: 67 != 31', ['162904$GNGGA', '162909.000', '2829.5965', 'N', '01619.5717', 'W', '1', '05', '4.4', '631.6', 'M', '0.0', 'M', '', ''])
WARNING: 2018-10-15 17:54:19,605 -  ('checksum does not match: 66 != 39', ['162909.000', '15', '10', '201$GNGGA', '162919.000', '2829.6007', 'N', '01619.5682', 'W', '1', '05', '4.5', '635.0', 'M', '0.0', 'M', '', ''])
WARNING: 2018-10-15 17:54:19,668 -  ('checksum does not match: 6E != 30', ['162919.000', '15', '10', '201$GNGGA', '162929.000', '2829.6017', 'N', '01619.5687', 'W', '1', '05', '4.5', '638.2', 'M', '0.0', 'M', '', ''])
WARNING: 2018-10-15 17:54:19,730 -  ('checksum does not match: 64 != 39', ['162929.000', '15', '10', '201$GNGGA', '162939.000', '2829.6003', 'N', '01619.5697', 'W', '1', '05', '4.6', '645.4', 'M', '0.0', 'M', '', ''])
WARNING: 2018-10-15 17:55:10,313 -  ('checksum does not match: 35 != 4A', ['163003.000', '2829.5886', 'N', '01619.5767', 'W', '1', '06', '2.8', '597.8T', '01', '01', '01', 'ANTENNA OK'])
WARNING: 2018-10-15 17:55:20,405 -  ('could not parse data', '$GNVTG,35.29,T,,M,1.82,N,3.37,K,A*1$GNGGA,163020.000,2829.5829,N,01619.5802,W,1,06,2.8,568.9,M,0.0,M,,*6F\r\n')
WARNING: 2018-10-15 17:55:20,471 -  ('checksum does not match: 65 != 27', ['163020.000', '15', '$GNGGA', '163030.000', '2829.5854', 'N', '01619.5789', 'W', '1', '07', '2.0', '575.1', 'M', '0.0', 'M', '', ''])
WARNING: 2018-10-15 17:55:20,538 -  ('checksum does not match: 68 != 2F', ['163030.000$GNGGA', '163040.000', '2829.5841', 'N', '01619.5794', 'W', '1', '07', '2.0', '575.3', 'M', '0.0', 'M', '', ''])
WARNING: 2018-10-15 17:55:20,727 -  ('checksum does not match: 3E != 3B', ['163101.000', '2829.5920', 'N', '00', '3.7'])
WARNING: 2018-10-15 17:56:01,135 -  ('checksum does not match: 66 != 10', ['2$GNGGA', '163121.000', '2829.5970', 'N', '01619.5691', 'W', '1', '07', '2.0', '581.7', 'M', '0.0', 'M', '', ''])
WARNING: 2018-10-15 17:56:11,279 -  ('could not parse data', '$GN$GNGGA,163141.000,2829.5941,N,01619.5711,W,1,06,2.8,610.9,M,0.0,M,,*67\r\n')
WARNING: 2018-10-15 17:56:11,340 -  ('checksum does not match: 6D != 29', ['163141.000', '15', '$GNGGA', '163151.000', '2829.5946', 'N', '01619.5719', 'W', '1', '06', '2.8', '597.1', 'M', '0.0', 'M', '', ''])
WARNING: 2018-10-15 17:56:11,403 -  ('checksum does not match: 6A != 2E', ['163151.000', '15', '10$GNGGA', '163201.000', '2829.5895', 'N', '01619.5742', 'W', '1', '06', '2.7', '565.3', 'M', '0.0', 'M', '', ''])
WARNING: 2018-10-15 17:57:12,132 -  ('checksum does not match: 64 != 56', ['39.06', 'T', '$GNGGA', '163242.000', '2829.6012', 'N', '01619.5650', 'W', '1', '07', '1.9', '627.5', 'M', '0.0', 'M', '', ''])
WARNING: 2018-10-15 17:57:12,196 -  ('checksum does not match: 67 != 23', ['163242.000', '15', '$GNGGA', '163252.000', '2829.5982', 'N', '01619.5673', 'W', '1', '06', '2.2', '622.9', 'M', '0.0', 'M', '', ''])
WARNING: 2018-10-15 17:57:12,264 -  ('checksum does not match: 67 != 3D', ['163252.000', '15', '10', '2$GNGGA', '163302.000', '2829.5969', 'N', '01619.5678', 'W', '1', '06', '2.2', '622.3', 'M', '0.0', 'M', '', ''])
WARNING: 2018-10-15 17:57:12,326 -  ('checksum does not match: 6B != 35', ['163302.000', '15', '10', '2$GNGGA', '163312.000', '2829.5966', 'N', '01619.5678', 'W', '1', '06', '3.3', '619.9', 'M', '0.0', 'M', '', ''])
WARNING: 2018-10-15 17:57:12,390 -  ('checksum does not match: 6E != 31', ['163312.000', '15', '10', '2$GNGGA', '163322.000', '2829.5974', 'N', '01619.5685', 'W', '1', '05', '3.5', '623.2', 'M', '0.0', 'M', '', ''])
WARNING: 2018-10-15 17:58:23,135 -  ('could not parse data', '$$GNGGA,163353.000,2829.5985,N,01619.5687,W,1,06,3.3,660.0,M,0.0,M,,*64\r\n')
WARNING: 2018-10-15 17:58:23,209 -  ('checksum does not match: 6D != 37', ['163353.000', '15', '10', '2$GNGGA', '163403.000', '2829.6023', 'N', '01619.5658', 'W', '1', '06', '3.4', '684.2', 'M', '0.0', 'M', '', ''])
WARNING: 2018-10-15 17:58:23,280 -  ('checksum does not match: 6A != 32', ['163403.000', '15', '10', '2$GNGGA', '163413.000', '2829.6089', 'N', '01619.5633', 'W', '1', '06', '3.4', '698.4', 'M', '0.0', 'M', '', ''])
WARNING: 2018-10-15 17:58:23,349 -  ('checksum does not match: 6E != 37', ['163413.000', '15', '10', '2$GNGGA', '163423.000', '2829.6120', 'N', '01619.5601', 'W', '1', '06', '3.4', '699.1', 'M', '0.0', 'M', '', ''])
WARNING: 2018-10-15 17:58:23,423 -  ('checksum does not match: 64 != 3E', ['163423.000', '15', '10', '2$GNGGA', '163433.000', '2829.6068', 'N', '01619.5539', 'W', '1', '07', '1.9', '661.6', 'M', '0.0', 'M', '', ''])
WARNING: 2018-10-15 17:59:44,196 -  ('checksum does not match: 6A != 32', ['163454.000', 'A', '2829.5967', 'N', '016$GNGGA', '163504.000', '2829.6020', 'N', '01619.5617', 'W', '1', '05', '3.1', '666.1', 'M', '0.0', 'M', '', ''])
WARNING: 2018-10-15 17:59:44,257 -  ('checksum does not match: 6A != 35', ['163504.000', '15', '10', '201$GNGGA', '163514.000', '2829.6012', 'N', '01619.5614', 'W', '1', '04', '3.1', '664.1', 'M', '0.0', 'M', '', ''])
WARNING: 2018-10-15 17:59:44,319 -  ('checksum does not match: 62 != 28', ['163514.000', '15', '10', '2018', '$GNGGA', '163524.000', '2829.5954', 'N', '01619.5632', 'W', '1', '04', '3.1', '670.3', 'M', '0.0', 'M', '', ''])
WARNING: 2018-10-15 17:59:44,381 -  ('checksum does not match: 6B != 22', ['163524.000', '15', '10', '2018', '00$GNGGA', '163534.000', '2829.5954', 'N', '01619.5657', 'W', '1', '05', '2.4', '669.5', 'M', '0.0', 'M', '', ''])
WARNING: 2018-10-15 17:59:54,529 -  ('checksum does not match: 60 != 41', ['200.89', 'T$GNGGA', '163544.000', '2829.5978', 'N', '01619.5662', 'W', '1', '05', '2.4', '648.2', 'M', '0.0', 'M', '', ''])
WARNING: 2018-10-15 18:01:15,258 -  ('checksum does not match: 6C != 58', ['322.40', 'T', '', 'M', '1.58', 'N$GNGGA', '163635.000', '2829.6024', 'N', '01619.5681', 'W', '1', '05', '2.3', '597.3', 'M', '0.0', 'M', '', ''])
WARNING: 2018-10-15 18:01:15,321 -  ('checksum does not match: 62 != 22', ['163635.000', '15', '$GNGGA', '163645.000', '2829.6014', 'N', '01619.5675', 'W', '1', '05', '2.3', '596.3', 'M', '0.0', 'M', '', ''])
WARNING: 2018-10-15 18:02:56,471 -  ('could not parse data', '$GNZD$GNGGA,163756.000,2829.5948,N,01619.5740,W,1,06,1.9,602.9,M,0.0,M,,*6B\r\n')
WARNING: 2018-10-15 18:03:16,818 -  ('checksum does not match: 6A != 1C', ['163758.000', 'A', '2829.5942', 'N', '01619.5746$GNGGA', '163806.000', '2829.5972', 'N', '01619.5734', 'W', '1', '07', '1.5', '627.2', 'M', '0.0', 'M', '', ''])
WARNING: 2018-10-15 18:03:16,879 -  ('checksum does not match: 60 != 37', ['163806.000', '1$GNGGA', '163816.000', '2829.5979', 'N', '01619.5725', 'W', '1', '07', '1.5', '625.0', 'M', '0.0', 'M', '', ''])
WARNING: 2018-10-15 18:03:16,996 -  ('checksum does not match: 3E != 47', ['16', '07', '30', '05', '', '', '', '', '', '', '3.9', '1.5', '3.6'])
WARNING: 2018-10-15 18:04:27,705 -  ('checksum does not match: 61 != 4A', ['01', '01', '01', 'A$GNGGA', '163907.000', '2829.5962', 'N', '01619.5718', 'W', '1', '07', '1.5', '632.2', 'M', '0.0', 'M', '', ''])
WARNING: 2018-10-15 18:04:37,880 -  ('checksum does not match: 68 != 2C', ['$GNGGA', '163917.000', '2829.5967', 'N', '01619.5723', 'W', '1', '07', '1.5', '632.7', 'M', '0.0', 'M', '', ''])
WARNING: 2018-10-15 18:04:37,941 -  ('checksum does not match: 67 != 31', ['163917.000', '1$GNGGA', '163927.000', '2829.5959', 'N', '01619.5723', 'W', '1', '06', '1.7', '632.5', 'M', '0.0', 'M', '', ''])
WARNING: 2018-10-15 18:04:38,091 -  ('checksum does not match: 34 != 53', ['163938.000', '2829.59681.7', '3.7'])
WARNING: 2018-10-15 18:06:08,905 -  ('checksum does not match: 64 != 1E', ['2829.5982', 'N', '01619.5722', 'W', '164013.0$GNGGA', '164018.000', '2829.5996', 'N', '01619.5709', 'W', '1', '06', '1.8', '618.8', 'M', '0.0', 'M', '', ''])
WARNING: 2018-10-15 18:06:19,052 -  ('checksum does not match: 6A != 1D', ['10.63', 'T', '', 'M', '$GNGGA', '164028.000', '2829.6010', 'N', '01619.5672', 'W', '1', '06', '1.8', '607.2', 'M', '0.0', 'M', '', ''])
WARNING: 2018-10-15 18:06:19,225 -  ('could not parse data', '$GNGGA,164049.000,2829.6004,N,01619.5678,W,1,06,1.8,609.4,M,0.0,M,,*6A,,,,,,,,,,,4.0,1.5,3.7*22\r\n')
WARNING: 2018-10-15 18:06:39,457 -  ('checksum does not match: 64 != 0A', ['164101.000', '2829.6012', 'N', '01619.5663', 'W', '1', '0707', 'N', '01619.5686', 'W', '0.74', '1.22', '151018', '', '', 'A'])
WARNING: 2018-10-15 18:07:39,994 -  ('checksum does not match: 65 != 2A', ['164119.000', '15', '10$GNGGA', '164129.000', '2829.6001', 'N', '01619.5682', 'W', '1', '07', '1.5', '608.1', 'M', '0.0', 'M', '', ''])
WARNING: 2018-10-15 18:07:40,061 -  ('checksum does not match: 67 != 33', ['164129.000', '1$GNGGA', '164139.000', '2829.5988', 'N', '01619.5683', 'W', '1', '07', '1.5', '609.9', 'M', '0.0', 'M', '', ''])
WARNING: 2018-10-15 18:08:40,767 -  ('checksum does not match: 64 != 03', ['193.6$GNGGA', '164220.000', '2829.5973', 'N', '01619.5679', 'W', '1', '07', '1.5', '618.0', 'M', '0.0', 'M', '', ''])
WARNING: 2018-10-15 18:08:40,843 -  ('checksum does not match: 69 != 37', ['164220.000', '1$GNGGA', '164230.000', '2829.5969', 'N', '01619.5666', 'W', '1', '07', '1.5', '613.2', 'M', '0.0', 'M', '', ''])
WARNING: 2018-10-15 18:08:40,922 -  ('checksum does not match: 6B != 34', ['164230.000', '1$GNGGA', '164240.000', '2829.5983', 'N', '01619.5662', 'W', '1', '07', '1.5', '612.6', 'M', '0.0', 'M', '', ''])
WARNING: 2018-10-15 18:08:41,004 -  ('checksum does not match: 6C != 34', ['164240.000', '1$GNGGA', '164250.000', '2829.5980', 'N', '01619.5659', 'W', '1', '06', '1.8', '616.3', 'M', '0.0', 'M', '', ''])
WARNING: 2018-10-15 18:08:41,081 -  ('checksum does not match: 6C != 2D', ['164250.000', '15', '10$GNGGA', '164300.000', '2829.5977', 'N', '01619.5673', 'W', '1', '06', '1.8', '617.6', 'M', '0.0', 'M', '', ''])
WARNING: 2018-10-15 18:09:01,386 -  ('checksum does not match: 73 != 5F', ['164312.000', '2829.5972', 'N', '01619.5673', 'W', '61', '19'])
WARNING: 2018-10-15 18:09:41,757 -  ('checksum does not match: 6A != 25', ['193.64', 'T', '', 'M', '0.00', 'N', '0.00', 'K', '$GNGGA', '164401.000', '2829.5977', 'N', '01619.5693', 'W', '1', '06', '1.8', '618.7', 'M', '0.0', 'M', '', ''])
WARNING: 2018-10-15 18:09:51,913 -  ('checksum does not match: 67 != 4C', ['193.64', 'T$GNGGA', '164411.000', '2829.5976', 'N', '01619.5701', 'W', '1', '07', '1.5', '621.6', 'M', '0.0', 'M', '', ''])
WARNING: 2018-10-17 21:34:59,270 -  a bytes-like object is required, not 'str'
WARNING: 2018-10-17 21:34:59,824 -  a bytes-like object is required, not 'str'
WARNING: 2018-10-17 21:34:59,856 -  a bytes-like object is required, not 'str'
WARNING: 2018-10-17 21:34:59,900 -  a bytes-like object is required, not 'str'
WARNING: 2018-10-17 21:34:59,943 -  a bytes-like object is required, not 'str'
WARNING: 2018-10-17 21:35:00,010 -  a bytes-like object is required, not 'str'
WARNING: 2018-10-17 21:35:00,075 -  a bytes-like object is required, not 'str'
WARNING: 2018-10-17 21:35:00,116 -  a bytes-like object is required, not 'str'
WARNING: 2018-10-17 21:35:00,149 -  a bytes-like object is required, not 'str'
WARNING: 2018-10-17 21:35:00,191 -  a bytes-like object is required, not 'str'
WARNING: 2018-10-17 21:35:00,213 -  a bytes-like object is required, not 'str'
WARNING: 2018-10-17 21:35:00,254 -  a bytes-like object is required, not 'str'
WARNING: 2018-10-17 21:35:00,286 -  a bytes-like object is required, not 'str'
WARNING: 2018-10-17 21:35:00,825 -  a bytes-like object is required, not 'str'
WARNING: 2018-10-17 21:35:00,861 -  a bytes-like object is required, not 'str'
WARNING: 2018-10-17 21:35:00,900 -  a bytes-like object is required, not 'str'
WARNING: 2018-10-17 21:35:00,944 -  a bytes-like object is required, not 'str'
WARNING: 2018-10-17 21:35:01,011 -  a bytes-like object is required, not 'str'
WARNING: 2018-10-17 21:35:01,075 -  a bytes-like object is required, not 'str'
WARNING: 2018-10-17 21:35:01,117 -  a bytes-like object is required, not 'str'
WARNING: 2018-10-17 21:35:01,149 -  a bytes-like object is required, not 'str'
WARNING: 2018-10-17 21:35:01,192 -  a bytes-like object is required, not 'str'
WARNING: 2018-10-17 21:35:01,214 -  a bytes-like object is required, not 'str'
WARNING: 2018-10-17 21:35:01,255 -  a bytes-like object is required, not 'str'
WARNING: 2018-10-17 21:35:01,287 -  a bytes-like object is required, not 'str'
WARNING: 2018-10-17 21:35:01,826 -  a bytes-like object is required, not 'str'
WARNING: 2018-10-17 21:35:01,857 -  a bytes-like object is required, not 'str'
WARNING: 2018-10-17 21:35:01,901 -  a bytes-like object is required, not 'str'
WARNING: 2018-10-17 21:35:01,944 -  a bytes-like object is required, not 'str'
WARNING: 2018-10-17 21:35:02,011 -  a bytes-like object is required, not 'str'
WARNING: 2018-10-17 21:35:02,076 -  a bytes-like object is required, not 'str'
WARNING: 2018-10-17 21:35:02,117 -  a bytes-like object is required, not 'str'
WARNING: 2018-10-17 21:35:02,150 -  a bytes-like object is required, not 'str'
WARNING: 2018-10-17 21:35:02,192 -  a bytes-like object is required, not 'str'
WARNING: 2018-10-17 21:35:02,214 -  a bytes-like object is required, not 'str'
WARNING: 2018-10-17 21:35:02,255 -  a bytes-like object is required, not 'str'
WARNING: 2018-10-17 21:35:02,287 -  a bytes-like object is required, not 'str'
WARNING: 2018-10-17 21:35:02,825 -  a bytes-like object is required, not 'str'
WARNING: 2018-10-17 21:35:02,856 -  a bytes-like object is required, not 'str'
WARNING: 2018-10-17 21:35:02,900 -  a bytes-like object is required, not 'str'
WARNING: 2018-10-17 21:35:02,944 -  a bytes-like object is required, not 'str'
WARNING: 2018-10-17 21:35:03,010 -  a bytes-like object is required, not 'str'
WARNING: 2018-10-17 21:35:03,075 -  a bytes-like object is required, not 'str'
WARNING: 2018-10-17 21:35:03,117 -  a bytes-like object is required, not 'str'
WARNING: 2018-10-17 21:35:03,149 -  a bytes-like object is required, not 'str'
WARNING: 2018-10-17 21:35:03,192 -  a bytes-like object is required, not 'str'
WARNING: 2018-10-17 21:35:03,214 -  a bytes-like object is required, not 'str'
WARNING: 2018-10-17 21:35:03,254 -  a bytes-like object is required, not 'str'
WARNING: 2018-10-17 21:35:03,287 -  a bytes-like object is required, not 'str'
WARNING: 2018-10-17 21:35:03,825 -  a bytes-like object is required, not 'str'
WARNING: 2018-10-17 21:35:03,857 -  a bytes-like object is required, not 'str'
WARNING: 2018-10-17 21:35:03,901 -  a bytes-like object is required, not 'str'
WARNING: 2018-10-17 21:35:03,944 -  a bytes-like object is required, not 'str'
WARNING: 2018-10-17 21:35:04,011 -  a bytes-like object is required, not 'str'
WARNING: 2018-10-17 21:35:04,076 -  a bytes-like object is required, not 'str'
WARNING: 2018-10-17 21:35:04,117 -  a bytes-like object is required, not 'str'
WARNING: 2018-10-17 21:35:04,150 -  a bytes-like object is required, not 'str'
WARNING: 2018-10-17 21:35:04,192 -  a bytes-like object is required, not 'str'
WARNING: 2018-10-17 21:35:04,214 -  a bytes-like object is required, not 'str'
WARNING: 2018-10-17 21:35:04,255 -  a bytes-like object is required, not 'str'
WARNING: 2018-10-17 21:35:04,287 -  a bytes-like object is required, not 'str'
WARNING: 2018-10-17 21:35:04,826 -  a bytes-like object is required, not 'str'
WARNING: 2018-10-17 21:35:04,857 -  a bytes-like object is required, not 'str'
WARNING: 2018-10-17 21:35:04,901 -  a bytes-like object is required, not 'str'
WARNING: 2018-10-17 21:35:04,945 -  a bytes-like object is required, not 'str'
WARNING: 2018-10-17 21:35:05,011 -  a bytes-like object is required, not 'str'
WARNING: 2018-10-17 21:35:05,076 -  a bytes-like object is required, not 'str'
WARNING: 2018-10-17 21:35:05,118 -  a bytes-like object is required, not 'str'
WARNING: 2018-10-17 21:35:05,150 -  a bytes-like object is required, not 'str'
WARNING: 2018-10-17 21:35:05,193 -  a bytes-like object is required, not 'str'
WARNING: 2018-10-17 21:35:05,215 -  a bytes-like object is required, not 'str'
WARNING: 2018-10-17 21:35:05,255 -  a bytes-like object is required, not 'str'
WARNING: 2018-10-17 21:35:05,288 -  a bytes-like object is required, not 'str'
WARNING: 2018-10-17 21:35:05,826 -  a bytes-like object is required, not 'str'
WARNING: 2018-10-17 21:35:05,858 -  a bytes-like object is required, not 'str'
WARNING: 2018-10-17 21:35:05,902 -  a bytes-like object is required, not 'str'
WARNING: 2018-10-17 21:35:05,945 -  a bytes-like object is required, not 'str'
WARNING: 2018-10-17 21:35:06,012 -  a bytes-like object is required, not 'str'
WARNING: 2018-10-17 21:35:06,077 -  a bytes-like object is required, not 'str'
WARNING: 2018-10-17 21:35:06,118 -  a bytes-like object is required, not 'str'
WARNING: 2018-10-17 21:35:06,151 -  a bytes-like object is required, not 'str'
WARNING: 2018-10-17 21:35:06,193 -  a bytes-like object is required, not 'str'
WARNING: 2018-10-17 21:35:06,215 -  a bytes-like object is required, not 'str'
WARNING: 2018-10-17 21:35:06,256 -  a bytes-like object is required, not 'str'
WARNING: 2018-10-17 21:35:06,288 -  a bytes-like object is required, not 'str'
WARNING: 2018-10-17 21:35:06,827 -  a bytes-like object is required, not 'str'
WARNING: 2018-10-17 21:35:06,859 -  a bytes-like object is required, not 'str'
WARNING: 2018-10-17 21:35:06,903 -  a bytes-like object is required, not 'str'
WARNING: 2018-10-17 21:35:06,946 -  a bytes-like object is required, not 'str'
WARNING: 2018-10-17 21:35:07,013 -  a bytes-like object is required, not 'str'
WARNING: 2018-10-17 21:35:07,078 -  a bytes-like object is required, not 'str'
WARNING: 2018-10-17 21:35:07,119 -  a bytes-like object is required, not 'str'
WARNING: 2018-10-17 21:35:07,152 -  a bytes-like object is required, not 'str'
WARNING: 2018-10-17 21:35:07,194 -  a bytes-like object is required, not 'str'
WARNING: 2018-10-17 21:35:07,217 -  a bytes-like object is required, not 'str'
WARNING: 2018-10-17 21:35:07,257 -  a bytes-like object is required, not 'str'
WARNING: 2018-10-17 21:35:07,289 -  a bytes-like object is required, not 'str'
WARNING: 2018-10-17 21:35:07,828 -  a bytes-like object is required, not 'str'
WARNING: 2018-10-17 21:35:07,860 -  a bytes-like object is required, not 'str'
WARNING: 2018-10-17 21:35:07,903 -  a bytes-like object is required, not 'str'
WARNING: 2018-10-17 21:35:07,947 -  a bytes-like object is required, not 'str'
WARNING: 2018-10-22 13:24:58,298 -  table LECTURAS has no column named long
WARNING: 2018-10-22 13:24:59,297 -  table LECTURAS has no column named long
WARNING: 2018-10-22 13:25:00,297 -  table LECTURAS has no column named long
WARNING: 2018-10-22 13:25:01,297 -  table LECTURAS has no column named long
WARNING: 2018-10-22 13:25:02,298 -  table LECTURAS has no column named long
WARNING: 2018-10-22 13:25:03,298 -  table LECTURAS has no column named long
WARNING: 2018-10-22 13:25:04,297 -  table LECTURAS has no column named long
WARNING: 2018-10-22 13:25:05,297 -  table LECTURAS has no column named long
WARNING: 2018-10-22 13:25:06,297 -  table LECTURAS has no column named long
